<?xml version="1.0" encoding="utf-8"?><!DOCTYPE testsuites [
        <!ELEMENT testsuites (testsuite)*>
        <!ELEMENT testsuite (testcase)*>
        <!ATTLIST testsuite
                name CDATA #REQUIRED
                errors CDATA #REQUIRED
                failures CDATA #REQUIRED
                skipped CDATA #REQUIRED
                tests CDATA #REQUIRED
                time CDATA #REQUIRED
                timestamp CDATA #REQUIRED
                hostname CDATA #REQUIRED>
        <!ELEMENT testcase (failure)*>
        <!ATTLIST testcase
                classname CDATA #REQUIRED
                name CDATA #REQUIRED
                time CDATA #REQUIRED>
        <!ELEMENT failure (#PCDATA)>
        <!ATTLIST failure
                message CDATA #REQUIRED>
        ]>
<testsuites><testsuite name="pytest" errors="0" failures="1" skipped="0" tests="3" time="0.161" timestamp="2021-05-21T19:53:28.623577" hostname="Muffi"><testcase classname="pytest_01" name="test_sqrt" time="0.001" /><testcase classname="pytest_01" name="test_square" time="0.002" /><testcase classname="pytest_01" name="test_equality" time="0.001"><failure message="assert 10 == 11">def test_equality():
&gt;       assert 10 == 11
E       assert 10 == 11

pytest_01.py:15: AssertionError</failure></testcase></testsuite></testsuites>