<?xml version="1.0" encoding="utf-8"?><testsuites><testsuite name="pytest" errors="0" failures="0" skipped="0" tests="4" time="0.131" timestamp="2021-07-26T00:48:48.305004" hostname="Muffi"><testcase classname="pytest_01" name="test_dsl_file_check" time="0.003" /><testcase classname="pytest_01" name="test_dsl_file_content" time="0.004" /><testcase classname="pytest_01" name="test_dsl_file_url" time="0.004" /><testcase classname="pytest_01" name="test_dsl_file_report_check" time="0.004" /></testsuite></testsuites>