<?xml version="1.0" encoding="utf-8"?><testsuites><testsuite name="pytest" errors="0" failures="0" skipped="0" tests="4" time="0.096" timestamp="2021-06-07T18:21:30.135727" hostname="Muffi"><testcase classname="pytest_01" name="test_dsl_file_check" time="0.003" /><testcase classname="pytest_01" name="test_dsl_file_content" time="0.004" /><testcase classname="pytest_01" name="test_dsl_file_url" time="0.003" /><testcase classname="pytest_01" name="test_dsl_file_report_xml_check" time="0.006" /></testsuite></testsuites>